<?xml version="1.0" encoding="UTF-8"?>
<!-- Generated by org.testng.reporters.JUnitReportReporter -->
<testsuite hostname="DESKTOP-2k22" failures="0" tests="1" name="Com.TestCases.TC_02_Add_items_to_cart_and_verify" time="1.777" errors="0" timestamp="2024-06-20T02:12:55 IST" skipped="0">
  <testcase classname="Com.TestCases.TC_02_Add_items_to_cart_and_verify" name="verify_TC_02_Add_items_to_cart_and_verify" time="1.777"/>
</testsuite> <!-- Com.TestCases.TC_02_Add_items_to_cart_and_verify -->
