<?xml version="1.0" encoding="UTF-8"?>
<!-- Generated by org.testng.reporters.JUnitReportReporter -->
<testsuite hostname="DESKTOP-2k22" failures="0" tests="1" name="Com.TestCases.TC_01_Login_to_application" time="1.678" errors="0" timestamp="2024-06-20T02:12:55 IST" skipped="0">
  <testcase classname="Com.TestCases.TC_01_Login_to_application" name="verify_TC_01_Login_to_application" time="1.678"/>
</testsuite> <!-- Com.TestCases.TC_01_Login_to_application -->
