<?xml version="1.0" encoding="UTF-8"?>
<!-- Generated by org.testng.reporters.JUnitReportReporter -->
<testsuite hostname="DESKTOP-2k22" failures="0" tests="1" name="Com.TestCases.TC_04_Delete_item_from_cart_and_verify_item_removed_successfully" time="1.948" errors="0" timestamp="2024-06-20T02:12:55 IST" skipped="0">
  <testcase classname="Com.TestCases.TC_04_Delete_item_from_cart_and_verify_item_removed_successfully" name="verify_TC_04_Delete_item_from_cart_and_verify_item_removed_successfully" time="1.948"/>
</testsuite> <!-- Com.TestCases.TC_04_Delete_item_from_cart_and_verify_item_removed_successfully -->
